-------------------------------------------------------------------------------
Test set: com.javatechie.ProductServiceApplicationTests
-------------------------------------------------------------------------------
Tests run: 2, Failures: 1, Errors: 0, Skipped: 0, Time elapsed: 14.79 s <<< FAILURE! - in com.javatechie.ProductServiceApplicationTests
createNewProductTest  Time elapsed: 5.216 s  <<< FAILURE!
java.lang.AssertionError: Status expected:<201> but was:<200>
	at com.javatechie.ProductServiceApplicationTests.createNewProductTest(ProductServiceApplicationTests.java:64)

