<?xml version="1.0" encoding="UTF-8"?>
<testsuite xmlns:xsi="http://www.w3.org/2001/XMLSchema-instance" xsi:noNamespaceSchemaLocation="https://maven.apache.org/surefire/maven-surefire-plugin/xsd/surefire-test-report.xsd" name="com.javatechie.ProductServiceApplicationTests" time="14.79" tests="2" errors="0" skipped="0" failures="1">
  <properties>
[...]
</properties>
  <testcase name="shouldReturnAllProductsFromDB" classname="com.javatechie.ProductServiceApplicationTests" time="0.508"/>
  <testcase name="createNewProductTest" classname="com.javatechie.ProductServiceApplicationTests" time="5.216">
    <failure message="Status expected:&lt;201&gt; but was:&lt;200&gt;" type="java.lang.AssertionError"><![CDATA[java.lang.AssertionError: Status expected:<201> but was:<200>
	at com.javatechie.ProductServiceApplicationTests.createNewProductTest(ProductServiceApplicationTests.java:64)
]]></failure>
    <system-out><![CDATA[2022-11-19 08:30:54.601  INFO 1103 --- [           main] com.javatechie.aspect.LoggerAspect       : execution(ResponseEntity com.javatechie.controller.ProductController.createNewProduct(ProductRequestDTO)) method execution start
2022-11-19 08:30:59.604  INFO 1103 --- [           main] c.j.controller.ProductController         : ProductController::createNewProduct request body {"name":"demo","description":"desc","productType":"type","quantity":1,"price":1000.0,"supplierName":"SUP","supplierCode":"SUP01"}
2022-11-19 08:30:59.604  INFO 1103 --- [           main] com.javatechie.service.ProductService    : ProductService:createNewProduct execution started.
2022-11-19 08:30:59.608  INFO 1103 --- [           main] com.javatechie.service.ProductService    : ProductService:createNewProduct execution ended.
2022-11-19 08:30:59.609  INFO 1103 --- [           main] c.j.controller.ProductController         : ProductController::createNewProduct response {"status":"Success","results":{"id":1,"name":"demo","desc":"desc","productType":"type","quantity":1,"price":1000.0,"supplierName":"SUP","supplierCode":"SUP01"}}
2022-11-19 08:30:59.610  INFO 1103 --- [           main] com.javatechie.aspect.LoggerAspect       : Time took to execute the method : 5007
2022-11-19 08:30:59.610  INFO 1103 --- [           main] com.javatechie.aspect.LoggerAspect       : ResponseEntity com.javatechie.controller.ProductController.createNewProduct(ProductRequestDTO) method execution end

MockHttpServletRequest:
      HTTP Method = POST
      Request URI = /products
       Parameters = {}
          Headers = [Content-Type:"application/json;charset=UTF-8", Accept:"application/json", Content-Length:"136"]
             Body = {"id":1,"name":"demo","description":"desc","productType":"type","quantity":1,"price":1000.0,"supplierName":"SUP","supplierCode":"SUP01"}
    Session Attrs = {}

Handler:
             Type = com.javatechie.controller.ProductController
           Method = com.javatechie.controller.ProductController#createNewProduct(ProductRequestDTO)

Async:
    Async started = false
     Async result = null

Resolved Exception:
             Type = null

ModelAndView:
        View name = null
             View = null
            Model = null

FlashMap:
       Attributes = null

MockHttpServletResponse:
           Status = 200
    Error message = null
          Headers = []
     Content type = null
             Body = 
    Forwarded URL = null
   Redirected URL = null
          Cookies = []
]]></system-out>
  </testcase>
</testsuite>